[ 2017-12-21T18:29:02+08:00 ] ::1 /interest/
INFO: [ app_init ] --START--
INFO: Run Behavior\BuildLiteBehavior [ RunTime:0.000025s ]
INFO: [ app_init ] --END-- [ RunTime:0.032580s ]
INFO: [ app_begin ] --START--
INFO: Run Behavior\ReadHtmlCacheBehavior [ RunTime:0.044311s ]
INFO: [ app_begin ] --END-- [ RunTime:0.044490s ]
INFO: [ view_parse ] --START--
INFO: [ template_filter ] --START--
INFO: Run Behavior\ContentReplaceBehavior [ RunTime:0.002462s ]
INFO: [ template_filter ] --END-- [ RunTime:0.002573s ]
INFO: Run Behavior\ParseTemplateBehavior [ RunTime:0.294058s ]
INFO: [ view_parse ] --END-- [ RunTime:0.294170s ]
INFO: [ view_filter ] --START--
INFO: Run Behavior\WriteHtmlCacheBehavior [ RunTime:0.024729s ]
INFO: [ view_filter ] --END-- [ RunTime:0.024818s ]
INFO: [ app_end ] --START--
INFO: Run Behavior\ShowPageTraceBehavior [ RunTime:0.020207s ]
INFO: [ app_end ] --END-- [ RunTime:0.020298s ]

[ 2017-12-21T18:29:03+08:00 ] ::1 /interest/index.php/Home/Account/check_login
INFO: [ app_init ] --START--
INFO: Run Behavior\BuildLiteBehavior [ RunTime:0.000022s ]
INFO: [ app_init ] --END-- [ RunTime:0.000614s ]
INFO: [ app_begin ] --START--
INFO: Run Behavior\ReadHtmlCacheBehavior [ RunTime:0.001015s ]
INFO: [ app_begin ] --END-- [ RunTime:0.001186s ]

[ 2017-12-21T18:29:09+08:00 ] ::1 /interest/
INFO: [ app_init ] --START--
INFO: Run Behavior\BuildLiteBehavior [ RunTime:0.000022s ]
INFO: [ app_init ] --END-- [ RunTime:0.000647s ]
INFO: [ app_begin ] --START--
INFO: Run Behavior\ReadHtmlCacheBehavior [ RunTime:0.001146s ]
INFO: [ app_begin ] --END-- [ RunTime:0.001241s ]
INFO: [ view_parse ] --START--
INFO: [ template_filter ] --START--
INFO: Run Behavior\ContentReplaceBehavior [ RunTime:0.000114s ]
INFO: [ template_filter ] --END-- [ RunTime:0.000216s ]
INFO: Run Behavior\ParseTemplateBehavior [ RunTime:0.093359s ]
INFO: [ view_parse ] --END-- [ RunTime:0.093464s ]
INFO: [ view_filter ] --START--
INFO: Run Behavior\WriteHtmlCacheBehavior [ RunTime:0.000700s ]
INFO: [ view_filter ] --END-- [ RunTime:0.000768s ]
INFO: [ app_end ] --START--
INFO: Run Behavior\ShowPageTraceBehavior [ RunTime:0.000995s ]
INFO: [ app_end ] --END-- [ RunTime:0.001068s ]

[ 2017-12-21T18:29:10+08:00 ] ::1 /interest/index.php/Home/Account/check_login
INFO: [ app_init ] --START--
INFO: Run Behavior\BuildLiteBehavior [ RunTime:0.000022s ]
INFO: [ app_init ] --END-- [ RunTime:0.000571s ]
INFO: [ app_begin ] --START--
INFO: Run Behavior\ReadHtmlCacheBehavior [ RunTime:0.000766s ]
INFO: [ app_begin ] --END-- [ RunTime:0.000852s ]

[ 2017-12-21T18:29:27+08:00 ] ::1 /interest/index.php/Home/Account/login
INFO: [ app_init ] --START--
INFO: Run Behavior\BuildLiteBehavior [ RunTime:0.000026s ]
INFO: [ app_init ] --END-- [ RunTime:0.000719s ]
INFO: [ app_begin ] --START--
INFO: Run Behavior\ReadHtmlCacheBehavior [ RunTime:0.001065s ]
INFO: [ app_begin ] --END-- [ RunTime:0.001168s ]
SQL: SHOW COLUMNS FROM `my_login` [ RunTime:0.0482s ]
SQL: SELECT * FROM `my_login` WHERE ( username='xiaohei' and password='123456' ) LIMIT 1   [ RunTime:0.0078s ]

[ 2017-12-21T18:29:27+08:00 ] ::1 /interest/?username=xiaohei&password=123456
INFO: [ app_init ] --START--
INFO: Run Behavior\BuildLiteBehavior [ RunTime:0.000685s ]
INFO: [ app_init ] --END-- [ RunTime:0.001240s ]
INFO: [ app_begin ] --START--
INFO: Run Behavior\ReadHtmlCacheBehavior [ RunTime:0.000767s ]
INFO: [ app_begin ] --END-- [ RunTime:0.000859s ]
INFO: [ view_parse ] --START--
INFO: [ template_filter ] --START--
INFO: Run Behavior\ContentReplaceBehavior [ RunTime:0.000121s ]
INFO: [ template_filter ] --END-- [ RunTime:0.000282s ]
INFO: Run Behavior\ParseTemplateBehavior [ RunTime:0.020487s ]
INFO: [ view_parse ] --END-- [ RunTime:0.020594s ]
INFO: [ view_filter ] --START--
INFO: Run Behavior\WriteHtmlCacheBehavior [ RunTime:0.000527s ]
INFO: [ view_filter ] --END-- [ RunTime:0.000595s ]
INFO: [ app_end ] --START--
INFO: Run Behavior\ShowPageTraceBehavior [ RunTime:0.003216s ]
INFO: [ app_end ] --END-- [ RunTime:0.003305s ]

[ 2017-12-21T18:29:27+08:00 ] ::1 /interest/index.php/Home/Account/check_login
INFO: [ app_init ] --START--
INFO: Run Behavior\BuildLiteBehavior [ RunTime:0.000022s ]
INFO: [ app_init ] --END-- [ RunTime:0.000575s ]
INFO: [ app_begin ] --START--
INFO: Run Behavior\ReadHtmlCacheBehavior [ RunTime:0.000785s ]
INFO: [ app_begin ] --END-- [ RunTime:0.000873s ]

[ 2017-12-21T18:32:13+08:00 ] ::1 /interest/
INFO: [ app_init ] --START--
INFO: Run Behavior\BuildLiteBehavior [ RunTime:0.000022s ]
INFO: [ app_init ] --END-- [ RunTime:0.000659s ]
INFO: [ app_begin ] --START--
INFO: Run Behavior\ReadHtmlCacheBehavior [ RunTime:0.001003s ]
INFO: [ app_begin ] --END-- [ RunTime:0.001118s ]
INFO: [ view_parse ] --START--
INFO: [ template_filter ] --START--
INFO: Run Behavior\ContentReplaceBehavior [ RunTime:0.000109s ]
INFO: [ template_filter ] --END-- [ RunTime:0.000205s ]
INFO: Run Behavior\ParseTemplateBehavior [ RunTime:0.017933s ]
INFO: [ view_parse ] --END-- [ RunTime:0.018045s ]
INFO: [ view_filter ] --START--
INFO: Run Behavior\WriteHtmlCacheBehavior [ RunTime:0.000733s ]
INFO: [ view_filter ] --END-- [ RunTime:0.000810s ]
INFO: [ app_end ] --START--
INFO: Run Behavior\ShowPageTraceBehavior [ RunTime:0.001039s ]
INFO: [ app_end ] --END-- [ RunTime:0.001115s ]

[ 2017-12-21T18:32:14+08:00 ] ::1 /interest/index.php/Home/Account/check_login
INFO: [ app_init ] --START--
INFO: Run Behavior\BuildLiteBehavior [ RunTime:0.000022s ]
INFO: [ app_init ] --END-- [ RunTime:0.000554s ]
INFO: [ app_begin ] --START--
INFO: Run Behavior\ReadHtmlCacheBehavior [ RunTime:0.000747s ]
INFO: [ app_begin ] --END-- [ RunTime:0.000830s ]

[ 2017-12-21T18:32:17+08:00 ] ::1 /interest/
INFO: [ app_init ] --START--
INFO: Run Behavior\BuildLiteBehavior [ RunTime:0.000021s ]
INFO: [ app_init ] --END-- [ RunTime:0.000548s ]
INFO: [ app_begin ] --START--
INFO: Run Behavior\ReadHtmlCacheBehavior [ RunTime:0.001152s ]
INFO: [ app_begin ] --END-- [ RunTime:0.001266s ]
INFO: [ view_parse ] --START--
INFO: [ template_filter ] --START--
INFO: Run Behavior\ContentReplaceBehavior [ RunTime:0.000103s ]
INFO: [ template_filter ] --END-- [ RunTime:0.000188s ]
INFO: Run Behavior\ParseTemplateBehavior [ RunTime:0.014424s ]
INFO: [ view_parse ] --END-- [ RunTime:0.014584s ]
INFO: [ view_filter ] --START--
INFO: Run Behavior\WriteHtmlCacheBehavior [ RunTime:0.000866s ]
INFO: [ view_filter ] --END-- [ RunTime:0.000953s ]
INFO: [ app_end ] --START--
INFO: Run Behavior\ShowPageTraceBehavior [ RunTime:0.001261s ]
INFO: [ app_end ] --END-- [ RunTime:0.001353s ]

[ 2017-12-21T18:32:17+08:00 ] ::1 /interest/index.php/Home/Account/check_login
INFO: [ app_init ] --START--
INFO: Run Behavior\BuildLiteBehavior [ RunTime:0.000025s ]
INFO: [ app_init ] --END-- [ RunTime:0.000623s ]
INFO: [ app_begin ] --START--
INFO: Run Behavior\ReadHtmlCacheBehavior [ RunTime:0.000814s ]
INFO: [ app_begin ] --END-- [ RunTime:0.000907s ]

