[ 2018-01-08T20:55:34+08:00 ] ::1 /interest/Public/ueditor/php/controller.php?action=config&&noCache=1515416134494
INFO: [ app_init ] --START--
INFO: Run Behavior\BuildLiteBehavior [ RunTime:0.000023s ]
INFO: [ app_init ] --END-- [ RunTime:0.000833s ]
ERR: 无法加载模块:Public

[ 2018-01-08T20:55:41+08:00 ] ::1 /interest/Public/ueditor/themes/default/dialogbase.css?cache=0.46151739660539626
INFO: [ app_init ] --START--
INFO: Run Behavior\BuildLiteBehavior [ RunTime:0.000022s ]
INFO: [ app_init ] --END-- [ RunTime:0.000688s ]
ERR: 无法加载模块:Public

[ 2018-01-08T23:26:15+08:00 ] ::1 /interest/Article
INFO: [ app_init ] --START--
INFO: Run Behavior\BuildLiteBehavior [ RunTime:0.000025s ]
INFO: [ app_init ] --END-- [ RunTime:0.000696s ]
ERR: 无法加载模块:Article

[ 2018-01-08T23:26:23+08:00 ] ::1 /interest/Article/read
INFO: [ app_init ] --START--
INFO: Run Behavior\BuildLiteBehavior [ RunTime:0.000028s ]
INFO: [ app_init ] --END-- [ RunTime:0.001141s ]
ERR: 无法加载模块:Article

